accept_filter
access_log
acl
acl_uses_indirect_client
adaptation_access
adaptation_masterx_shared_names
adaptation_meta
adaptation_send_client_ip
adaptation_send_username
adaptation_service_chain
adaptation_service_iteration_limit
adaptation_service_set
adaptation_uses_indirect_client
adapted_http_access
allow_underscore
always_direct
announce_file
announce_host
announce_period
announce_port
append_domain
as_whois_server
auth_param
authenticate_cache_garbage_interval
authenticate_ip_ttl
authenticate_ttl
background_ping_rate
balance_on_multiple_ip
broken_posts
buffered_logs
cache
cache_dir
cache_dns_program
cache_effective_group
cache_effective_user
cache_log
cache_mem
cache_mgr
cache_miss_revalidate
cache_peer
cache_peer_access
cache_peer_domain
cache_replacement_policy
cache_store_log
cache_swap_high
cache_swap_low
cache_swap_state
cachemgr_passwd
check_hostnames
chroot
chunked_request_body_max_size
client_db
client_delay_access
client_delay_initial_bucket_level
client_delay_parameters
client_delay_pools
client_dst_passthru
client_idle_pconn_timeout
client_ip_max_connections
client_lifetime
client_netmask
client_persistent_connections
client_request_buffer_max_size
clientside_mark
clientside_tos
configuration_includes_quoted_values
connect_retries
connect_timeout
coredump_dir
cpu_affinity_map
dead_peer_timeout
debug_options
delay_access
delay_class
delay_initial_bucket_level
delay_parameters
delay_pool_uses_indirect_client
delay_pools
deny_info
detect_broken_pconn
digest_bits_per_entry
digest_generation
digest_rebuild_chunk_percentage
digest_rebuild_period
digest_rewrite_period
digest_swapout_chunk_size
diskd_program
dns_children
dns_defnames
dns_multicast_local
dns_nameservers
dns_packet_max
dns_retransmit_interval
dns_timeout
dns_v4_first
ecap_enable
ecap_service
email_err_data
err_html_text
err_page_stylesheet
error_default_language
error_directory
error_log_languages
esi_parser
eui_lookup
external_acl_type
follow_x_forwarded_for
forward_max_tries
forward_timeout
forwarded_for
fqdncache_size
ftp_eprt
ftp_epsv
ftp_epsv_all
ftp_passive
ftp_sanitycheck
ftp_telnet_protocol
ftp_user
global_internal_static
half_closed_clients
hierarchy_stoplist
high_memory_warning
high_page_fault_warning
high_response_time_warning
host_verify_strict
hostname_aliases
hosts_file
htcp_access
htcp_clr_access
htcp_port
http_accel_surrogate_remote
http_access
http_port
http_reply_access
httpd_accel_surrogate_id
httpd_suppress_version_string
https_port
icap_206_enable
icap_access
icap_class
icap_client_username_encode
icap_client_username_header
icap_connect_timeout
icap_default_options_ttl
icap_enable
icap_io_timeout
icap_log
icap_persistent_connections
icap_preview_enable
icap_preview_size
icap_retry
icap_retry_limit
icap_service
icap_service_failure_limit
icap_service_revival_delay
icon_directory
icp_access
icp_hit_stale
icp_port
icp_query_timeout
ident_lookup_access
ident_timeout
ie_refresh
ignore_unknown_nameservers
incoming_dns_average
incoming_tcp_average
incoming_udp_average
ipcache_high
ipcache_low
ipcache_size
loadable_modules
log_icp_queries
log_mime_hdrs
log_uses_indirect_client
logfile_daemon
logfile_rotate
logformat
mail_from
mail_program
max_filedescriptors
max_open_disk_fds
max_stale
maximum_icp_query_timeout
maximum_object_size
maximum_object_size_in_memory
mcast_groups
mcast_icp_query_timeout
mcast_miss_addr
mcast_miss_encode_key
mcast_miss_port
mcast_miss_ttl
memory_cache_mode
memory_cache_shared
memory_pools
memory_pools_limit
memory_replacement_policy
mime_table
min_dns_poll_cnt
min_tcp_poll_cnt
min_udp_poll_cnt
minimum_direct_hops
minimum_direct_rtt
minimum_expiry_time
minimum_icp_query_timeout
minimum_object_size
miss_access
negative_dns_ttl
negative_ttl
neighbor_type_domain
netdb_filename
netdb_high
netdb_low
netdb_ping_period
never_direct
nonhierarchical_direct
note
offline_mode
peer_connect_timeout
persistent_connection_after_error
pid_filename
pinger_enable
pinger_program
pipeline_prefetch
positive_dns_ttl
prefer_direct
qos_flows
query_icmp
quick_abort_max
quick_abort_min
quick_abort_pct
range_offset_limit
read_ahead_gap
read_timeout
refresh_all_ims
refresh_pattern
relaxed_header_parser
reload_into_ims
reply_body_max_size
reply_header_access
reply_header_max_size
reply_header_replace
request_body_max_size
request_entities
request_header_access
request_header_add
request_header_max_size
request_header_replace
request_timeout
retry_on_error
server_idle_pconn_timeout
server_persistent_connections
short_icon_urls
shutdown_lifetime
sleep_after_fork
snmp_access
snmp_incoming_address
snmp_outgoing_address
snmp_port
spoof_client_ip
ssl_bump
ssl_engine
ssl_unclean_shutdown
sslcrtd_children
sslcrtd_program
sslcrtvalidator_children
sslcrtvalidator_program
sslpassword_program
sslproxy_cafile
sslproxy_capath
sslproxy_cert_adapt
sslproxy_cert_error
sslproxy_cert_sign
sslproxy_cipher
sslproxy_client_certificate
sslproxy_client_key
sslproxy_flags
sslproxy_options
sslproxy_version
stats_collection
store_avg_object_size
store_dir_select_algorithm
store_id_access
store_id_bypass
store_id_children
store_id_program
store_objects_per_bucket
strip_query_terms
tcp_outgoing_address
tcp_outgoing_mark
tcp_outgoing_tos
tcp_recv_bufsize
test_reachability
tproxy_uses_indirect_client
udp_incoming_address
udp_outgoing_address
umask
unique_hostname
unlinkd_program
uri_whitespace
url_rewrite_access
url_rewrite_bypass
url_rewrite_children
url_rewrite_host_header
url_rewrite_program
vary_ignore_expire
via
visible_hostname
wccp2_address
wccp2_assignment_method
wccp2_forwarding_method
wccp2_rebuild_wait
wccp2_return_method
wccp2_router
wccp2_service
wccp2_service_info
wccp2_weight
wccp_address
wccp_router
wccp_version
windows_ipaddrchangemonitor
workers
write_timeout
